<?xml version="1.0" encoding="UTF-8"?>
<!-- Generated by org.testng.reporters.JUnitReportReporter -->
<testsuite hostname="kalyan-PC" failures="0" tests="7" name="com.crm.qa.tests.HomePageTest" time="125.833" errors="0" timestamp="24 Sep 2019 08:33:53 GMT" skipped="0">
  <testcase classname="com.crm.qa.tests.HomePageTest" name="verifyDealsLinkTest" time="17.798"/>
  <testcase classname="com.crm.qa.tests.HomePageTest" name="validateUserLableTest" time="17.874"/>
  <testcase classname="com.crm.qa.tests.HomePageTest" name="verifyCallsLinkTest" time="18.118"/>
  <testcase classname="com.crm.qa.tests.HomePageTest" name="verifyContactLinkTest" time="17.460"/>
  <testcase classname="com.crm.qa.tests.HomePageTest" name="verifyTasksLinkTest" time="17.811"/>
  <testcase classname="com.crm.qa.tests.HomePageTest" name="validateContactsSettingIconTest" time="18.674"/>
  <testcase classname="com.crm.qa.tests.HomePageTest" name="validateContactHelpIconTest" time="18.098"/>
</testsuite> <!-- com.crm.qa.tests.HomePageTest -->
